#
# There is insufficient memory for the Java Runtime Environment to continue.
# Native memory allocation (mmap) failed to map 132120576 bytes for G1 virtual space
# Possible reasons:
#   The system is out of physical RAM or swap space
#   The process is running with CompressedOops enabled, and the Java Heap may be blocking the growth of the native heap
# Possible solutions:
#   Reduce memory load on the system
#   Increase physical memory or swap space
#   Check if swap backing store is full
#   Decrease Java heap size (-Xmx/-Xms)
#   Decrease number of Java threads
#   Decrease Java thread stack sizes (-Xss)
#   Set larger code cache with -XX:ReservedCodeCacheSize=
#   JVM is running with Unscaled Compressed Oops mode in which the Java heap is
#     placed in the first 4GB address space. The Java Heap base address is the
#     maximum limit for the native heap growth. Please use -XX:HeapBaseMinAddress
#     to set the Java Heap base and to place the Java Heap above 4GB virtual address.
# This output file may be truncated or incomplete.
#
#  Out of Memory Error (os_windows.cpp:3559), pid=9468, tid=10204
#
# JRE version:  (17.0.7+7) (build )
# Java VM: OpenJDK 64-Bit Server VM (17.0.7+7-LTS, mixed mode, sharing, tiered, compressed oops, compressed class ptrs, g1 gc, windows-amd64)
# No core dump will be written. Minidumps are not enabled by default on client versions of Windows
#

---------------  S U M M A R Y ------------

Command Line: -Dmaven.multiModuleProjectDirectory=C:\Users\user\IdeaProjects\producer\producer -Djansi.passthrough=true -Dmaven.home=C:\Users\user\.m2\wrapper\dists\apache-maven-3.9.6-bin\439sdfsg2nbdob9ciift5h5nse\apache-maven-3.9.6 -Dclassworlds.conf=C:\Users\user\.m2\wrapper\dists\apache-maven-3.9.6-bin\439sdfsg2nbdob9ciift5h5nse\apache-maven-3.9.6\bin\m2.conf -Dmaven.ext.class.path=D:\tools\IntelliJ IDEA 2024.1\plugins\maven\lib\maven-event-listener.jar -javaagent:D:\tools\IntelliJ IDEA 2024.1\lib\idea_rt.jar=58514:D:\tools\IntelliJ IDEA 2024.1\bin -Dfile.encoding=UTF-8 org.codehaus.classworlds.Launcher -Didea.version=2024.1 clean

Host: Intel(R) Core(TM) i7-1065G7 CPU @ 1.30GHz, 8 cores, 7G,  Windows 10 , 64 bit Build 19041 (10.0.19041.1806)
Time: Mon May 20 20:35:22 2024 RTZ 2 (s 10 , 64 bit Build 19041 (10.0.19041.1806) elapsed time: 0.070452 seconds (0d 0h 0m 0s)

---------------  T H R E A D  ---------------

Current thread (0x0000025c4a0a5290):  JavaThread "Unknown thread" [_thread_in_vm, id=10204, stack(0x000000af14b00000,0x000000af14c00000)]

Stack: [0x000000af14b00000,0x000000af14c00000]
Native frames: (J=compiled Java code, j=interpreted, Vv=VM code, C=native code)
V  [jvm.dll+0x64b53a]
V  [jvm.dll+0x7fef54]
V  [jvm.dll+0x80070e]
V  [jvm.dll+0x800d63]
V  [jvm.dll+0x236a2b]
V  [jvm.dll+0x64843a]
V  [jvm.dll+0x63ce8a]
V  [jvm.dll+0x2f5629]
V  [jvm.dll+0x2fc826]
V  [jvm.dll+0x348eea]
V  [jvm.dll+0x34912f]
V  [jvm.dll+0x2cb9a8]
V  [jvm.dll+0x2cc939]
V  [jvm.dll+0x7d2cd1]
V  [jvm.dll+0x3563c1]
V  [jvm.dll+0x7b32ae]
V  [jvm.dll+0x3d38d3]
V  [jvm.dll+0x3d52c1]
C  [jli.dll+0x51bf]
C  [ucrtbase.dll+0x21bb2]
C  [KERNEL32.DLL+0x17034]
C  [ntdll.dll+0x52651]


---------------  P R O C E S S  ---------------

Threads class SMR info:
_java_thread_list=0x00007ffa3fdbc858, length=0, elements={
}

Java Threads: ( => current thread )

Other Threads:
  0x0000025c4a0fe720 GCTaskThread "GC Thread#0" [stack: 0x000000af14c00000,0x000000af14d00000] [id=3752]
  0x0000025c4a10efe0 ConcurrentGCThread "G1 Main Marker" [stack: 0x000000af14d00000,0x000000af14e00000] [id=12580]
  0x0000025c4a110190 ConcurrentGCThread "G1 Conc#0" [stack: 0x000000af14e00000,0x000000af14f00000] [id=6156]

[error occurred during error reporting (printing all threads), id 0xc0000005, EXCEPTION_ACCESS_VIOLATION (0xc0000005) at pc=0x00007ffa3f5acc47]

VM state: not at safepoint (not fully initialized)

VM Mutex/Monitor currently owned by a thread:  ([mutex/lock_event])
[0x0000025c4a09fe90] Heap_lock - owner thread: 0x0000025c4a0a5290

Heap address: 0x0000000083400000, size: 1996 MB, Compressed Oops mode: 32-bit

CDS archive(s) mapped at: [0x0000000000000000-0x0000000000000000-0x0000000000000000), size 0, SharedBaseAddress: 0x0000000800000000, ArchiveRelocationMode: 0.
Narrow klass base: 0x0000000000000000, Narrow klass shift: 0, Narrow klass range: 0x0

GC Precious Log:
<Empty>

Heap:
 garbage-first heap   total 0K, used 0K [0x0000000083400000, 0x0000000100000000)
  region size 1024K, 0 young (0K), 0 survivors (0K)

[error occurred during error reporting (printing heap information), id 0xc0000005, EXCEPTION_ACCESS_VIOLATION (0xc0000005) at pc=0x00007ffa3f973419]

GC Heap History (0 events):
No events

Dll operation events (1 events):
Event: 0.067 Loaded shared library C:\Users\user\.jdks\corretto-17.0.7\bin\java.dll

Deoptimization events (0 events):
No events

Classes unloaded (0 events):
No events

Classes redefined (0 events):
No events

Internal exceptions (0 events):
No events

VM Operations (0 events):
No events

Events (0 events):
No events


Dynamic libraries:
0x00007ff6b63d0000 - 0x00007ff6b63dd000 	C:\Users\user\.jdks\corretto-17.0.7\bin\java.exe
0x00007ffa96030000 - 0x00007ffa96228000 	C:\Windows\SYSTEM32\ntdll.dll
0x00007ffa95c40000 - 0x00007ffa95cfd000 	C:\Windows\System32\KERNEL32.DLL
0x00007ffa93b40000 - 0x00007ffa93e0e000 	C:\Windows\System32\KERNELBASE.dll
0x00007ffa93e10000 - 0x00007ffa93f10000 	C:\Windows\System32\ucrtbase.dll
0x00007ffa81a10000 - 0x00007ffa81a27000 	C:\Users\user\.jdks\corretto-17.0.7\bin\jli.dll
0x00007ffa819f0000 - 0x00007ffa81a05000 	C:\Users\user\.jdks\corretto-17.0.7\bin\VCRUNTIME140.dll
0x00007ffa940f0000 - 0x00007ffa94290000 	C:\Windows\System32\USER32.dll
0x00007ffa77f40000 - 0x00007ffa781da000 	C:\Windows\WinSxS\amd64_microsoft.windows.common-controls_6595b64144ccf1df_6.0.19041.1110_none_60b5254171f9507e\COMCTL32.dll
0x00007ffa938b0000 - 0x00007ffa938d2000 	C:\Windows\System32\win32u.dll
0x00007ffa94bb0000 - 0x00007ffa94c4e000 	C:\Windows\System32\msvcrt.dll
0x00007ffa95fc0000 - 0x00007ffa95fea000 	C:\Windows\System32\GDI32.dll
0x00007ffa93980000 - 0x00007ffa93a8b000 	C:\Windows\System32\gdi32full.dll
0x00007ffa938e0000 - 0x00007ffa9397d000 	C:\Windows\System32\msvcp_win.dll
0x00007ffa95d00000 - 0x00007ffa95d30000 	C:\Windows\System32\IMM32.DLL
0x00007ffa4e2e0000 - 0x00007ffa4e37b000 	C:\Users\user\.jdks\corretto-17.0.7\bin\msvcp140.dll
0x00007ffa3f2d0000 - 0x00007ffa3feea000 	C:\Users\user\.jdks\corretto-17.0.7\bin\server\jvm.dll
0x00007ffa951a0000 - 0x00007ffa9524e000 	C:\Windows\System32\ADVAPI32.dll
0x00007ffa943b0000 - 0x00007ffa9444c000 	C:\Windows\System32\sechost.dll
0x00007ffa959a0000 - 0x00007ffa95ac5000 	C:\Windows\System32\RPCRT4.dll
0x00007ffa7ea30000 - 0x00007ffa7ea39000 	C:\Windows\SYSTEM32\WSOCK32.dll
0x00007ffa7a820000 - 0x00007ffa7a847000 	C:\Windows\SYSTEM32\WINMM.dll
0x00007ffa95e20000 - 0x00007ffa95e8b000 	C:\Windows\System32\WS2_32.dll
0x00007ffa89be0000 - 0x00007ffa89bea000 	C:\Windows\SYSTEM32\VERSION.dll
0x00007ffa91530000 - 0x00007ffa91542000 	C:\Windows\SYSTEM32\kernel.appcore.dll
0x00007ffa899d0000 - 0x00007ffa899da000 	C:\Users\user\.jdks\corretto-17.0.7\bin\jimage.dll
0x00007ffa7eae0000 - 0x00007ffa7ecc4000 	C:\Windows\SYSTEM32\DBGHELP.DLL
0x00007ffa7ea60000 - 0x00007ffa7ea8c000 	C:\Windows\SYSTEM32\dbgcore.DLL
0x00007ffa93f90000 - 0x00007ffa94012000 	C:\Windows\System32\bcryptPrimitives.dll
0x00007ffa78e60000 - 0x00007ffa78e6e000 	C:\Users\user\.jdks\corretto-17.0.7\bin\instrument.dll
0x00007ffa7ab60000 - 0x00007ffa7ab85000 	C:\Users\user\.jdks\corretto-17.0.7\bin\java.dll

dbghelp: loaded successfully - version: 4.0.5 - missing functions: none
symbol engine: initialized successfully - sym options: 0x614 - pdb path: .;C:\Users\user\.jdks\corretto-17.0.7\bin;C:\Windows\SYSTEM32;C:\Windows\WinSxS\amd64_microsoft.windows.common-controls_6595b64144ccf1df_6.0.19041.1110_none_60b5254171f9507e;C:\Users\user\.jdks\corretto-17.0.7\bin\server

VM Arguments:
jvm_args: -Dmaven.multiModuleProjectDirectory=C:\Users\user\IdeaProjects\producer\producer -Djansi.passthrough=true -Dmaven.home=C:\Users\user\.m2\wrapper\dists\apache-maven-3.9.6-bin\439sdfsg2nbdob9ciift5h5nse\apache-maven-3.9.6 -Dclassworlds.conf=C:\Users\user\.m2\wrapper\dists\apache-maven-3.9.6-bin\439sdfsg2nbdob9ciift5h5nse\apache-maven-3.9.6\bin\m2.conf -Dmaven.ext.class.path=D:\tools\IntelliJ IDEA 2024.1\plugins\maven\lib\maven-event-listener.jar -javaagent:D:\tools\IntelliJ IDEA 2024.1\lib\idea_rt.jar=58514:D:\tools\IntelliJ IDEA 2024.1\bin -Dfile.encoding=UTF-8 
java_command: org.codehaus.classworlds.Launcher -Didea.version=2024.1 clean
java_class_path (initial): C:\Users\user\.m2\wrapper\dists\apache-maven-3.9.6-bin\439sdfsg2nbdob9ciift5h5nse\apache-maven-3.9.6\boot\plexus-classworlds-2.7.0.jar;C:\Users\user\.m2\wrapper\dists\apache-maven-3.9.6-bin\439sdfsg2nbdob9ciift5h5nse\apache-maven-3.9.6\boot\plexus-classworlds.license
Launcher Type: SUN_STANDARD

[Global flags]
     intx CICompilerCount                          = 4                                         {product} {ergonomic}
     uint ConcGCThreads                            = 2                                         {product} {ergonomic}
     uint G1ConcRefinementThreads                  = 8                                         {product} {ergonomic}
   size_t G1HeapRegionSize                         = 1048576                                   {product} {ergonomic}
    uintx GCDrainStackTargetSize                   = 64                                        {product} {ergonomic}
   size_t InitialHeapSize                          = 132120576                                 {product} {ergonomic}
   size_t MarkStackSize                            = 4194304                                   {product} {ergonomic}
   size_t MaxHeapSize                              = 2092957696                                {product} {ergonomic}
   size_t MinHeapDeltaBytes                        = 1048576                                   {product} {ergonomic}
   size_t MinHeapSize                              = 8388608                                   {product} {ergonomic}
    uintx NonNMethodCodeHeapSize                   = 5839372                                {pd product} {ergonomic}
    uintx NonProfiledCodeHeapSize                  = 122909434                              {pd product} {ergonomic}
    uintx ProfiledCodeHeapSize                     = 122909434                              {pd product} {ergonomic}
    uintx ReservedCodeCacheSize                    = 251658240                              {pd product} {ergonomic}
     bool SegmentedCodeCache                       = true                                      {product} {ergonomic}
   size_t SoftMaxHeapSize                          = 2092957696                             {manageable} {ergonomic}
     bool UseCompressedClassPointers               = true                           {product lp64_product} {ergonomic}
     bool UseCompressedOops                        = true                           {product lp64_product} {ergonomic}
     bool UseG1GC                                  = true                                      {product} {ergonomic}
     bool UseLargePagesIndividualAllocation        = false                                  {pd product} {ergonomic}

Logging:
Log output configuration:
 #0: stdout all=warning uptime,level,tags
 #1: stderr all=off uptime,level,tags

Environment Variables:
JAVA_HOME=C:\Program Files\BellSoft\LibericaJDK-17\
PATH=C:\Program Files\BellSoft\LibericaJDK-17\bin\;C:\Program Files\Common Files\Oracle\Java\javapath;C:\Windows\system32;C:\Windows;C:\Windows\System32\Wbem;C:\Windows\System32\WindowsPowerShell\v1.0\;C:\Windows\System32\OpenSSH\;C:\Program Files\Git\cmd;C:\Program Files\Docker\Docker\resources\bin;C:\ProgramData\DockerDesktop\version-bin;C:\Program Files\Java\jdk-18.0.2\bin;C:\Tools\apache-maven-3.9.0\bin;C:\Users\user\AppData\Local\Microsoft\WindowsApps;C:\Program Files\BellSoft\LibericaJDK-17\;D:\tools\IntelliJ IDEA 2024.1\bin;;C:\Program Files\JetBrains\IntelliJ IDEA Community Edition 2023.1.2\bin;;D:\PostgreSQL\bin;
USERNAME=user
OS=Windows_NT
PROCESSOR_IDENTIFIER=Intel64 Family 6 Model 126 Stepping 5, GenuineIntel
TMP=C:\Users\user\AppData\Local\Temp
TEMP=C:\Users\user\AppData\Local\Temp



---------------  S Y S T E M  ---------------

OS:
 Windows 10 , 64 bit Build 19041 (10.0.19041.1806)
OS uptime: 1 days 5:45 hours
Hyper-V role detected

CPU: total 8 (initial active 8) (4 cores per cpu, 2 threads per core) family 6 model 126 stepping 5 microcode 0xa6, cx8, cmov, fxsr, ht, mmx, 3dnowpref, sse, sse2, sse3, ssse3, sse4.1, sse4.2, popcnt, lzcnt, tsc, tscinvbit, avx, avx2, aes, erms, clmul, bmi1, bmi2, adx, avx512f, avx512dq, avx512cd, avx512bw, avx512vl, sha, fma, vzeroupper, avx512_vpopcntdq, avx512_vpclmulqdq, avx512_vaes, avx512_vnni, clflush, clflushopt, avx512_vbmi2, avx512_vbmi, hv

Memory: 4k page, system-wide physical 7981M (393M free)
TotalPageFile size 20855M (AvailPageFile size 48M)
current process WorkingSet (physical memory assigned to process): 10M, peak: 10M
current process commit charge ("private bytes"): 60M, peak: 186M

vm_info: OpenJDK 64-Bit Server VM (17.0.7+7-LTS) for windows-amd64 JRE (17.0.7+7-LTS), built on Apr 14 2023 01:39:21 by "Administrator" with MS VC++ 15.9 (VS2017)

END.
